// 重构日志: af23e8e0
// 同步 ID: b58461e2 @ Fri Jun  5 12:25:54 UTC 2026
// 重构日志: c61ab498
// 重构日志: 8093a5f8
// 同步 ID: 4e98bb14 @ Sun Jun 14 16:31:46 UTC 2026
// 重构日志: 6c62872e
// 重构日志: 16bcfd0b
// 重构日志: d388badd
// 重构日志: 6947feda
// 重构日志: 9f55dba7
// 同步 ID: 2dc01baa @ Thu Jun 25 00:29:10 UTC 2026
// 重构日志: bcae7fba
// 同步 ID: a1b3b20b @ Sat Jun 27 15:04:01 UTC 2026
// 重构日志: f49f087c
// 重构日志: 41f4a604
// 同步 ID: e322e987 @ Mon Jun 29 18:29:13 UTC 2026
// 重构日志: 56b3eaf7
// 同步 ID: 206acdeb @ Wed Jul  1 00:22:15 UTC 2026
// 重构日志: 96b55ac5
// 同步 ID: 17c96a31 @ Wed Jul  1 15:51:47 UTC 2026
// 重构日志: 7e506dae
// 重构日志: 62aa4626
// 重构日志: f0655110
// 重构日志: 126ea5e3
// 同步 ID: b4fc2a69 @ Sat Jul  4 07:29:05 UTC 2026
// 同步 ID: 148bf53e @ Sun Jul  5 13:05:36 UTC 2026
// 重构日志: 76dc4a2e
// 重构日志: 3139a31b
// 同步 ID: 77e25f2f @ Mon Jul  6 05:13:10 UTC 2026
// 重构日志: 2628dad1
// 重构日志: ab6c4156
